0 info it worked if it ends with ok
1 verbose cli [ 'node', '/usr/local/bin/npm', 'publish' ]
2 info using npm@2.6.0
3 info using node@v0.10.30
4 verbose publish [ '.' ]
5 silly cache add args [ '.', null ]
6 verbose cache add spec .
7 silly cache add parsed spec { raw: '.',
7 silly cache add   scope: null,
7 silly cache add   name: null,
7 silly cache add   rawSpec: '.',
7 silly cache add   spec: '/Users/libiao/projects/bootstrap-datetimepicker',
7 silly cache add   type: 'directory' }
8 verbose addLocalDirectory /Users/libiao/.npm/cn-bootstrap-datetimepicker/4.15.35/package.tgz not in flight; packing
9 verbose tar pack [ '/Users/libiao/.npm/cn-bootstrap-datetimepicker/4.15.35/package.tgz',
9 verbose tar pack   '/Users/libiao/projects/bootstrap-datetimepicker' ]
10 verbose tarball /Users/libiao/.npm/cn-bootstrap-datetimepicker/4.15.35/package.tgz
11 verbose folder /Users/libiao/projects/bootstrap-datetimepicker
12 info prepublish cn-bootstrap-datetimepicker@4.15.35
13 verbose addLocalTarball adding from inside cache /Users/libiao/.npm/cn-bootstrap-datetimepicker/4.15.35/package.tgz
14 silly cache afterAdd cn-bootstrap-datetimepicker@4.15.35
15 verbose afterAdd /Users/libiao/.npm/cn-bootstrap-datetimepicker/4.15.35/package/package.json not in flight; writing
16 verbose afterAdd /Users/libiao/.npm/cn-bootstrap-datetimepicker/4.15.35/package/package.json written
17 silly publish { author: { name: 'Jonathan Peterson' },
17 silly publish   bugs: { url: 'https://github.com/eonasdan/bootstrap-datetimepicker/issues' },
17 silly publish   dependencies: { moment: '~2.10', bootstrap: '^3.0', jquery: '>=1.8.3 <2.2.0' },
17 silly publish   description: 'A date/time picker component designed to work with Bootstrap 3 and Momentjs. For usage, installation and demos see Project Site on GitHub',
17 silly publish   devDependencies:
17 silly publish    { grunt: 'latest',
17 silly publish      'grunt-contrib-jasmine': '^0.7.0',
17 silly publish      'grunt-contrib-jshint': 'latest',
17 silly publish      'grunt-contrib-less': 'latest',
17 silly publish      'grunt-contrib-uglify': 'latest',
17 silly publish      'grunt-jscs': 'latest',
17 silly publish      'grunt-string-replace': 'latest',
17 silly publish      'load-grunt-tasks': 'latest',
17 silly publish      'grunt-nuget': '^0.1.4' },
17 silly publish   homepage: 'https://github.com/kkxlkkxllb/bootstrap-datetimepicker',
17 silly publish   keywords:
17 silly publish    [ 'twitter-bootstrap',
17 silly publish      'bootstrap',
17 silly publish      'datepicker',
17 silly publish      'datetimepicker',
17 silly publish      'timepicker',
17 silly publish      'moment' ],
17 silly publish   license: 'MIT',
17 silly publish   main: 'src/js/bootstrap-datetimepicker.js',
17 silly publish   name: 'cn-bootstrap-datetimepicker',
17 silly publish   repository:
17 silly publish    { type: 'git',
17 silly publish      url: 'https://github.com/kkxlkkxllb/bootstrap-datetimepicker.git' },
17 silly publish   version: '4.15.35',
17 silly publish   gitHead: '3680636dd44910828924bc1fcbcfca5710248556',
17 silly publish   readme: '# Bootstrap 3 Date/Time Picker\n![GitHub version](https://badge.fury.io/gh/Eonasdan%2Fbootstrap-datetimepicker.png)&nbsp;&nbsp;&nbsp;![Travis](https://travis-ci.org/Eonasdan/bootstrap-datetimepicker.svg?branch=development)&nbsp;&nbsp;&nbsp;[![Stories in Ready](https://badge.waffle.io/Eonasdan/bootstrap-datetimepicker.png?label=ready&title=Ready)](https://waffle.io/Eonasdan/bootstrap-datetimepicker)\n\n![DateTimePicker](http://i.imgur.com/nfnvh5g.png)\n\n## [View the manual and demos](http://eonasdan.github.io/bootstrap-datetimepicker/)\n\n# v4.15.35\n\nwith zh-cn default locale\n\nIs the current stable release. The latest and greatest changes are available from the [development branch](https://github.com/Eonasdan/bootstrap-datetimepicker/tree/development)\n\n# Version 5\n\nIMPORANT! The Nuget packages will be depreciated in this release. Moving forward, Asp.Net/Nuget will **NOT** be delivering content packages like this one and you will need to use bower. See [this issue for more]( https://github.com/Eonasdan/bootstrap-datetimepicker/issues/1128)\n\nv5 is [in planning](https://github.com/Eonasdan/bootstrap-datetimepicker/issues/841). We welcome your suggestions.\n\nA major update is a great time to make be able to make breaking changes.\n\n## Submitting Issues\nIf you have issues, please check the following first:\n* Have you read the docs? \n* Do you have the latest version of momentjs?\n* Do you have the latest version of jQuery?\n* Please test and/or fork [this jsfiddle](http://jsfiddle.net/Eonasdan/0Ltv25o8/) with an example of your issue before you post an issue here. \n* Please indicate which version of the picker you are using (this can be found at the top of any included file)\n\n## Where do you use this?\nI\'d love to know if your public site is using this plugin and list your logo on the documentation site. Please email me `me at eonasdan dot com`.\n\n##Priority support is available at an hourly rate. If you have an urgent request, bug or need installation help, please contact me at `me at eonasdan dot com` for a quote.\n\n## [Installation instructions](http://eonasdan.github.io/bootstrap-datetimepicker/Installing/)\n\n## [Change Log](http://eonasdan.github.io/bootstrap-datetimepicker/Changelog/)\n',
17 silly publish   readmeFilename: 'README.md',
17 silly publish   _id: 'cn-bootstrap-datetimepicker@4.15.35',
17 silly publish   scripts: {},
17 silly publish   _shasum: '728c62b828f3f7c1644eff3847f9f2bcf53662af',
17 silly publish   _from: '.' }
18 silly mapToRegistry name cn-bootstrap-datetimepicker
19 silly mapToRegistry using default registry
20 silly mapToRegistry registry https://registry.npmjs.org/
21 silly mapToRegistry uri https://registry.npmjs.org/cn-bootstrap-datetimepicker
22 verbose publish registryBase https://registry.npmjs.org/
23 silly publish uploading /Users/libiao/.npm/cn-bootstrap-datetimepicker/4.15.35/package.tgz
24 verbose request uri https://registry.npmjs.org/cn-bootstrap-datetimepicker
25 verbose request sending authorization for write operation
26 info attempt registry request try #1 at 14:18:54
27 verbose request using bearer token for auth
28 verbose request id 1f61275ababe7dd7
29 http request PUT https://registry.npmjs.org/cn-bootstrap-datetimepicker
30 http 403 https://registry.npmjs.org/cn-bootstrap-datetimepicker
31 verbose headers { 'content-type': 'application/json',
31 verbose headers   'cache-control': 'max-age=60',
31 verbose headers   'content-length': '97',
31 verbose headers   'accept-ranges': 'bytes',
31 verbose headers   date: 'Wed, 05 Aug 2015 06:18:59 GMT',
31 verbose headers   via: '1.1 varnish',
31 verbose headers   connection: 'keep-alive',
31 verbose headers   'x-served-by': 'cache-hkg6824-HKG',
31 verbose headers   'x-cache': 'MISS',
31 verbose headers   'x-cache-hits': '0',
31 verbose headers   'x-timer': 'S1438755536.062208,VS0,VE3567' }
32 verbose request invalidating /Users/libiao/.npm/registry.npmjs.org/cn-bootstrap-datetimepicker on PUT
33 error publish Failed PUT 403
34 verbose stack Error: "You cannot publish over the previously published version 4.15.35." : cn-bootstrap-datetimepicker
34 verbose stack     at CachingRegistryClient.<anonymous> (/usr/local/lib/node_modules/npm/node_modules/npm-registry-client/lib/request.js:254:14)
34 verbose stack     at Request._callback (/usr/local/lib/node_modules/npm/node_modules/npm-registry-client/lib/request.js:178:14)
34 verbose stack     at Request.self.callback (/usr/local/lib/node_modules/npm/node_modules/request/request.js:344:22)
34 verbose stack     at Request.emit (events.js:98:17)
34 verbose stack     at Request.<anonymous> (/usr/local/lib/node_modules/npm/node_modules/request/request.js:1239:14)
34 verbose stack     at Request.emit (events.js:117:20)
34 verbose stack     at IncomingMessage.<anonymous> (/usr/local/lib/node_modules/npm/node_modules/request/request.js:1187:12)
34 verbose stack     at IncomingMessage.emit (events.js:117:20)
34 verbose stack     at _stream_readable.js:938:16
34 verbose stack     at process._tickCallback (node.js:419:13)
35 verbose statusCode 403
36 verbose pkgid cn-bootstrap-datetimepicker
37 verbose cwd /Users/libiao/projects/bootstrap-datetimepicker
38 error Darwin 14.4.0
39 error argv "node" "/usr/local/bin/npm" "publish"
40 error node v0.10.30
41 error npm  v2.6.0
42 error code E403
43 error "You cannot publish over the previously published version 4.15.35." : cn-bootstrap-datetimepicker
44 error If you need help, you may report this error at:
44 error     <http://github.com/npm/npm/issues>
45 verbose exit [ 1, true ]
